<?xml version="1.0" encoding="UTF-8"?>
<!-- Generated by org.testng.reporters.JUnitXMLReporter -->
<testsuite hostname="CBJ-CCC2F-06" ignored="0" name="Default test" tests="3" failures="0" timestamp="19 Mar 2019 10:21:52 GMT" time="160.375" errors="0">
  <testcase name="login_Profile" time="33.303" classname="com.qa.datadrivenproject.testcases.LoginTestCases1"/>
  <testcase name="school_Login" time="38.577" classname="com.qa.datadrivenproject.testcases.LoginTestCases1"/>
  <testcase name="cooperation_Login" time="39.592" classname="com.qa.datadrivenproject.testcases.LoginTestCases1"/>
</testsuite> <!-- Default test -->
