<?xml version="1.0" encoding="UTF-8"?>
<!-- Generated by org.testng.reporters.JUnitXMLReporter -->
<testsuite hostname="CBJ-CCC2F-06" ignored="0" name="Test" tests="7" failures="0" timestamp="18 Mar 2019 11:37:11 GMT" time="207.53" errors="0">
  <testcase name="homePageVerification" time="14.017" classname="com.qa.datadrivenproject.testcases.HomePage_TestCases_1"/>
  <testcase name="wildlife_TestCase" time="19.944" classname="com.qa.datadrivenproject.testcases.NewPageTestCases"/>
  <testcase name="homePageRedirection" time="14.384" classname="com.qa.datadrivenproject.testcases.HomePage_TestCases_1"/>
  <testcase name="pahangPage_TestCase" time="10.542" classname="com.qa.datadrivenproject.testcases.NewPageTestCases"/>
  <testcase name="homeDonatebutton" time="8.302" classname="com.qa.datadrivenproject.testcases.HomePage_TestCases_1"/>
  <testcase name="ecology_TestCase" time="4.456" classname="com.qa.datadrivenproject.testcases.NewPageTestCases"/>
  <testcase name="culutural_TestCases" time="22.002" classname="com.qa.datadrivenproject.testcases.NewPageTestCases"/>
</testsuite> <!-- Test -->
